<?xml version="1.0" encoding="UTF-8"?>
<testsuite xmlns:xsi="http://www.w3.org/2001/XMLSchema-instance" xsi:noNamespaceSchemaLocation="https://maven.apache.org/surefire/maven-surefire-plugin/xsd/surefire-test-report-3.0.xsd" version="3.0" name="com.parttime.cservice.service.AttendanceServiceTest" time="0.011" tests="11" errors="0" skipped="0" failures="0">
  <properties>
[...]
</properties>
  <testcase name="checkOut_shouldThrowWhenNotCheckedIn" classname="com.parttime.cservice.service.AttendanceServiceTest" time="0.0"/>
  <testcase name="checkIn_shouldRejectWhenLocationOutOfRange" classname="com.parttime.cservice.service.AttendanceServiceTest" time="0.003"/>
  <testcase name="checkIn_shouldCreateAttendanceRecord" classname="com.parttime.cservice.service.AttendanceServiceTest" time="0.0"/>
  <testcase name="checkIn_shouldThrowWhenShiftNotFound" classname="com.parttime.cservice.service.AttendanceServiceTest" time="0.0"/>
  <testcase name="getMyAttendance_shouldReturnRecords" classname="com.parttime.cservice.service.AttendanceServiceTest" time="0.001"/>
  <testcase name="checkIn_shouldThrowWhenDuplicate" classname="com.parttime.cservice.service.AttendanceServiceTest" time="0.001"/>
  <testcase name="addShift_shouldStoreShift" classname="com.parttime.cservice.service.AttendanceServiceTest" time="0.001"/>
  <testcase name="getMyShifts_shouldFilterByDateRange" classname="com.parttime.cservice.service.AttendanceServiceTest" time="0.001"/>
  <testcase name="checkIn_shouldThrowWhenNotOwnShift" classname="com.parttime.cservice.service.AttendanceServiceTest" time="0.001"/>
  <testcase name="checkOut_shouldUpdateRecord" classname="com.parttime.cservice.service.AttendanceServiceTest" time="0.001"/>
  <testcase name="getMyShifts_shouldFilterByWorkerId" classname="com.parttime.cservice.service.AttendanceServiceTest" time="0.001"/>
</testsuite>